<?xml version="1.0" encoding="UTF-8"?>
<testng-results ignored="0" total="4" passed="4" failed="0" skipped="0">
  <reporter-output>
    <line>
      <![CDATA[[17:27:47.3467544] Navigate to http://prestashop-automation.qatestlab.com.ua/ru/<br>]]>
    </line>
    <line>
      <![CDATA[[17:27:49.5458801] Search for element By.cssSelector: #_desktop_currency_selector > div > span.expand-more._gray-darker.hidden-sm-down<br>]]>
    </line>
    <line>
      <![CDATA[[17:27:49.5818822] Search for element By.className: products<br>]]>
    </line>
    <line>
      <![CDATA[[17:27:49.6298849] Search for element By.cssSelector: span.price<br>]]>
    </line>
    <line>
      <![CDATA[[17:27:49.6598867] Found element div<br>]]>
    </line>
    <line>
      <![CDATA[[17:27:50.0529091] Search for element By.cssSelector: #_desktop_currency_selector > div > span.expand-more._gray-darker.hidden-sm-down<br>]]>
    </line>
    <line>
      <![CDATA[[17:27:50.0729103] Click on element span<br>]]>
    </line>
    <line>
      <![CDATA[[17:27:50.137914] Search for element By.cssSelector: #_desktop_currency_selector > div > ul > li:nth-child(3) > a<br>]]>
    </line>
    <line>
      <![CDATA[[17:27:50.7179472] Click on element a<br>]]>
    </line>
    <line>
      <![CDATA[[17:27:52.3440402] Search for element By.cssSelector: #search_widget > form > input.ui-autocomplete-input<br>]]>
    </line>
    <line>
      <![CDATA[[17:27:52.4070438] Change value of input: dress<br>]]>
    </line>
    <line>
      <![CDATA[[17:27:52.4790479] Changed element input<br>]]>
    </line>
    <line>
      <![CDATA[[17:27:53.6111127] Search for element By.cssSelector: div#js-product-list-top p<br>]]>
    </line>
    <line>
      <![CDATA[[17:27:53.6301137] Search for element By.cssSelector: div#js-product-list div.thumbnail-container<br>]]>
    </line>
    <line>
      <![CDATA[[17:27:53.6941174] Search for element By.className: select-title<br>]]>
    </line>
    <line>
      <![CDATA[[17:27:53.7161187] Click on element a<br>]]>
    </line>
    <line>
      <![CDATA[[17:27:53.7701217] Search for element By.cssSelector: #js-product-list-top > div:nth-child(2) > div > div > div > a:nth-child(5)<br>]]>
    </line>
    <line>
      <![CDATA[[17:27:53.8041237] Click on element a<br>]]>
    </line>
    <line>
      <![CDATA[[17:27:53.8671273] Search for element By.cssSelector: div.product-price-and-shipping > span:nth-child(1)<br>]]>
    </line>
    <line>
      <![CDATA[[17:27:54.5181645] Search for element By.cssSelector: div.product-price-and-shipping > span:nth-child(1)<br>]]>
    </line>
    <line>
      <![CDATA[[17:27:54.859184] Search for element By.cssSelector: div.product-price-and-shipping<br>]]>
    </line>
    <line>
      <![CDATA[[17:27:54.8771851] Search for element By.className: regular-price<br>]]>
    </line>
    <line>
      <![CDATA[[17:27:54.9041866] Found element div<br>]]>
    </line>
    <line>
      <![CDATA[[17:27:54.9041866] Search for element By.className: regular-price<br>]]>
    </line>
    <line>
      <![CDATA[[17:27:54.9411887] Found element div<br>]]>
    </line>
    <line>
      <![CDATA[[17:27:54.9411887] Search for element By.className: discount-percentage<br>]]>
    </line>
    <line>
      <![CDATA[[17:27:54.9661902] Found element div<br>]]>
    </line>
    <line>
      <![CDATA[[17:27:54.9661902] Search for element By.className: regular-price<br>]]>
    </line>
    <line>
      <![CDATA[[17:27:54.9821911] Found element div<br>]]>
    </line>
    <line>
      <![CDATA[[17:27:55.0031923] Search for element By.className: discount-percentage<br>]]>
    </line>
    <line>
      <![CDATA[[17:27:55.0171931] Found element div<br>]]>
    </line>
    <line>
      <![CDATA[[17:27:55.0491949] Search for element By.className: price<br>]]>
    </line>
    <line>
      <![CDATA[[17:27:55.0711962] Found element div<br>]]>
    </line>
    <line>
      <![CDATA[[17:27:55.1011979] Search for element By.className: regular-price<br>]]>
    </line>
    <line>
      <![CDATA[[17:27:55.1261993] Found element div<br>]]>
    </line>
    <line>
      <![CDATA[[17:27:55.1261993] Search for element By.className: regular-price<br>]]>
    </line>
    <line>
      <![CDATA[[17:27:55.1472005] Found element div<br>]]>
    </line>
    <line>
      <![CDATA[[17:27:55.1472005] Search for element By.className: regular-price<br>]]>
    </line>
    <line>
      <![CDATA[[17:27:55.1692018] Found element div<br>]]>
    </line>
    <line>
      <![CDATA[[17:27:55.1692018] Search for element By.className: regular-price<br>]]>
    </line>
    <line>
      <![CDATA[[17:27:55.1962033] Found element div<br>]]>
    </line>
    <line>
      <![CDATA[[17:27:55.1962033] Search for element By.className: discount-percentage<br>]]>
    </line>
    <line>
      <![CDATA[[17:27:55.2182046] Found element div<br>]]>
    </line>
    <line>
      <![CDATA[[17:27:55.2182046] Search for element By.className: regular-price<br>]]>
    </line>
    <line>
      <![CDATA[[17:27:55.2312053] Found element div<br>]]>
    </line>
    <line>
      <![CDATA[[17:27:55.2522065] Search for element By.className: discount-percentage<br>]]>
    </line>
    <line>
      <![CDATA[[17:27:55.2652073] Found element div<br>]]>
    </line>
    <line>
      <![CDATA[[17:27:55.296209] Search for element By.className: price<br>]]>
    </line>
    <line>
      <![CDATA[[17:27:55.3162102] Found element div<br>]]>
    </line>
    <line>
      <![CDATA[[17:27:55.3462119] Search for element By.className: regular-price<br>]]>
    </line>
    <line>
      <![CDATA[[17:27:55.366213] Found element div<br>]]>
    </line>
  </reporter-output>
  <suite started-at="2018-07-02T14:27:43Z" name="tests.TestClass" finished-at="2018-07-02T14:27:55Z" duration-ms="11409">
    <groups>
    </groups>
    <test started-at="2018-07-02T14:27:43Z" name="Command line test" finished-at="2018-07-02T14:27:55Z" duration-ms="11409">
      <class name="tests.TestClass">
        <test-method is-config="true" signature="setUp()[pri:0, instance:tests.TestClass@1725dc0f]" started-at="2018-07-02T17:27:43Z" name="setUp" finished-at="2018-07-02T17:27:47Z" duration-ms="3352" status="PASS">
          <reporter-output>
          </reporter-output>
        </test-method> <!-- setUp -->
        <test-method signature="currencyAssertion()[pri:0, instance:tests.TestClass@1725dc0f]" started-at="2018-07-02T17:27:47Z" name="currencyAssertion" finished-at="2018-07-02T17:27:50Z" duration-ms="2717" status="PASS">
          <reporter-output>
            <line>
              <![CDATA[[17:27:47.3467544] Navigate to http://prestashop-automation.qatestlab.com.ua/ru/<br>]]>
            </line>
            <line>
              <![CDATA[[17:27:49.5458801] Search for element By.cssSelector: #_desktop_currency_selector > div > span.expand-more._gray-darker.hidden-sm-down<br>]]>
            </line>
            <line>
              <![CDATA[[17:27:49.5818822] Search for element By.className: products<br>]]>
            </line>
            <line>
              <![CDATA[[17:27:49.6298849] Search for element By.cssSelector: span.price<br>]]>
            </line>
            <line>
              <![CDATA[[17:27:49.6598867] Found element div<br>]]>
            </line>
          </reporter-output>
        </test-method> <!-- currencyAssertion -->
        <test-method signature="searchAssertion()[pri:0, instance:tests.TestClass@1725dc0f]" started-at="2018-07-02T17:27:50Z" name="searchAssertion" finished-at="2018-07-02T17:27:53Z" depends-on-methods="tests.TestClass.currencyAssertion" duration-ms="3641" status="PASS">
          <reporter-output>
            <line>
              <![CDATA[[17:27:50.0529091] Search for element By.cssSelector: #_desktop_currency_selector > div > span.expand-more._gray-darker.hidden-sm-down<br>]]>
            </line>
            <line>
              <![CDATA[[17:27:50.0729103] Click on element span<br>]]>
            </line>
            <line>
              <![CDATA[[17:27:50.137914] Search for element By.cssSelector: #_desktop_currency_selector > div > ul > li:nth-child(3) > a<br>]]>
            </line>
            <line>
              <![CDATA[[17:27:50.7179472] Click on element a<br>]]>
            </line>
            <line>
              <![CDATA[[17:27:52.3440402] Search for element By.cssSelector: #search_widget > form > input.ui-autocomplete-input<br>]]>
            </line>
            <line>
              <![CDATA[[17:27:52.4070438] Change value of input: dress<br>]]>
            </line>
            <line>
              <![CDATA[[17:27:52.4790479] Changed element input<br>]]>
            </line>
            <line>
              <![CDATA[[17:27:53.6111127] Search for element By.cssSelector: div#js-product-list-top p<br>]]>
            </line>
            <line>
              <![CDATA[[17:27:53.6301137] Search for element By.cssSelector: div#js-product-list div.thumbnail-container<br>]]>
            </line>
          </reporter-output>
        </test-method> <!-- searchAssertion -->
        <test-method signature="sortAssertion()[pri:0, instance:tests.TestClass@1725dc0f]" started-at="2018-07-02T17:27:53Z" name="sortAssertion" finished-at="2018-07-02T17:27:54Z" depends-on-methods="tests.TestClass.searchAssertion" duration-ms="1164" status="PASS">
          <reporter-output>
            <line>
              <![CDATA[[17:27:53.6941174] Search for element By.className: select-title<br>]]>
            </line>
            <line>
              <![CDATA[[17:27:53.7161187] Click on element a<br>]]>
            </line>
            <line>
              <![CDATA[[17:27:53.7701217] Search for element By.cssSelector: #js-product-list-top > div:nth-child(2) > div > div > div > a:nth-child(5)<br>]]>
            </line>
            <line>
              <![CDATA[[17:27:53.8041237] Click on element a<br>]]>
            </line>
            <line>
              <![CDATA[[17:27:53.8671273] Search for element By.cssSelector: div.product-price-and-shipping > span:nth-child(1)<br>]]>
            </line>
            <line>
              <![CDATA[[17:27:54.5181645] Search for element By.cssSelector: div.product-price-and-shipping > span:nth-child(1)<br>]]>
            </line>
          </reporter-output>
        </test-method> <!-- sortAssertion -->
        <test-method signature="discountAssertion()[pri:0, instance:tests.TestClass@1725dc0f]" started-at="2018-07-02T17:27:54Z" name="discountAssertion" finished-at="2018-07-02T17:27:55Z" depends-on-methods="tests.TestClass.sortAssertion" duration-ms="508" status="PASS">
          <reporter-output>
            <line>
              <![CDATA[[17:27:54.859184] Search for element By.cssSelector: div.product-price-and-shipping<br>]]>
            </line>
            <line>
              <![CDATA[[17:27:54.8771851] Search for element By.className: regular-price<br>]]>
            </line>
            <line>
              <![CDATA[[17:27:54.9041866] Found element div<br>]]>
            </line>
            <line>
              <![CDATA[[17:27:54.9041866] Search for element By.className: regular-price<br>]]>
            </line>
            <line>
              <![CDATA[[17:27:54.9411887] Found element div<br>]]>
            </line>
            <line>
              <![CDATA[[17:27:54.9411887] Search for element By.className: discount-percentage<br>]]>
            </line>
            <line>
              <![CDATA[[17:27:54.9661902] Found element div<br>]]>
            </line>
            <line>
              <![CDATA[[17:27:54.9661902] Search for element By.className: regular-price<br>]]>
            </line>
            <line>
              <![CDATA[[17:27:54.9821911] Found element div<br>]]>
            </line>
            <line>
              <![CDATA[[17:27:55.0031923] Search for element By.className: discount-percentage<br>]]>
            </line>
            <line>
              <![CDATA[[17:27:55.0171931] Found element div<br>]]>
            </line>
            <line>
              <![CDATA[[17:27:55.0491949] Search for element By.className: price<br>]]>
            </line>
            <line>
              <![CDATA[[17:27:55.0711962] Found element div<br>]]>
            </line>
            <line>
              <![CDATA[[17:27:55.1011979] Search for element By.className: regular-price<br>]]>
            </line>
            <line>
              <![CDATA[[17:27:55.1261993] Found element div<br>]]>
            </line>
            <line>
              <![CDATA[[17:27:55.1261993] Search for element By.className: regular-price<br>]]>
            </line>
            <line>
              <![CDATA[[17:27:55.1472005] Found element div<br>]]>
            </line>
            <line>
              <![CDATA[[17:27:55.1472005] Search for element By.className: regular-price<br>]]>
            </line>
            <line>
              <![CDATA[[17:27:55.1692018] Found element div<br>]]>
            </line>
            <line>
              <![CDATA[[17:27:55.1692018] Search for element By.className: regular-price<br>]]>
            </line>
            <line>
              <![CDATA[[17:27:55.1962033] Found element div<br>]]>
            </line>
            <line>
              <![CDATA[[17:27:55.1962033] Search for element By.className: discount-percentage<br>]]>
            </line>
            <line>
              <![CDATA[[17:27:55.2182046] Found element div<br>]]>
            </line>
            <line>
              <![CDATA[[17:27:55.2182046] Search for element By.className: regular-price<br>]]>
            </line>
            <line>
              <![CDATA[[17:27:55.2312053] Found element div<br>]]>
            </line>
            <line>
              <![CDATA[[17:27:55.2522065] Search for element By.className: discount-percentage<br>]]>
            </line>
            <line>
              <![CDATA[[17:27:55.2652073] Found element div<br>]]>
            </line>
            <line>
              <![CDATA[[17:27:55.296209] Search for element By.className: price<br>]]>
            </line>
            <line>
              <![CDATA[[17:27:55.3162102] Found element div<br>]]>
            </line>
            <line>
              <![CDATA[[17:27:55.3462119] Search for element By.className: regular-price<br>]]>
            </line>
            <line>
              <![CDATA[[17:27:55.366213] Found element div<br>]]>
            </line>
          </reporter-output>
        </test-method> <!-- discountAssertion -->
      </class> <!-- tests.TestClass -->
    </test> <!-- Command line test -->
  </suite> <!-- tests.TestClass -->
</testng-results>
