<?xml version="1.0" encoding="UTF-8"?>
<!-- Generated by org.testng.reporters.JUnitXMLReporter -->
<testsuite ignored="0" hostname="Administrator" failures="0" tests="4" name="Command line test" time="11.409" errors="0" timestamp="02 июл. 2018 14:27:55 GMT">
  <testcase classname="tests.TestClass" name="currencyAssertion" time="2.717"/>
  <testcase classname="tests.TestClass" name="searchAssertion" time="3.641"/>
  <testcase classname="tests.TestClass" name="sortAssertion" time="1.164"/>
  <testcase classname="tests.TestClass" name="discountAssertion" time="0.508"/>
</testsuite> <!-- Command line test -->
